<?xml version="1.0" encoding="UTF-8"?>
<testng-results ignored="0" total="3" passed="3" failed="0" skipped="0">
  <reporter-output>
  </reporter-output>
  <suite started-at="2025-05-02T23:45:59 IST" name="SwagLabsSuite" finished-at="2025-05-02T23:46:11 IST" duration-ms="11527">
    <groups>
    </groups>
    <test started-at="2025-05-02T23:45:59 IST" name="FunctionalTests" finished-at="2025-05-02T23:46:11 IST" duration-ms="11527">
      <class name="tests.LoginTest">
        <test-method is-config="true" signature="setup()[pri:0, instance:tests.LoginTest@702657cc]" started-at="2025-05-02T23:46:00 IST" name="setup" finished-at="2025-05-02T23:46:03 IST" duration-ms="3502" status="PASS">
          <reporter-output>
          </reporter-output>
        </test-method> <!-- setup -->
        <test-method signature="testInvalidLogin()[pri:0, instance:tests.LoginTest@702657cc]" started-at="2025-05-02T23:46:03 IST" name="testInvalidLogin" finished-at="2025-05-02T23:46:04 IST" duration-ms="1072" status="PASS">
          <reporter-output>
          </reporter-output>
        </test-method> <!-- testInvalidLogin -->
        <test-method is-config="true" signature="tearDown()[pri:0, instance:tests.LoginTest@702657cc]" started-at="2025-05-02T23:46:04 IST" name="tearDown" finished-at="2025-05-02T23:46:04 IST" duration-ms="309" status="PASS">
          <reporter-output>
          </reporter-output>
        </test-method> <!-- tearDown -->
        <test-method is-config="true" signature="setup()[pri:0, instance:tests.LoginTest@702657cc]" started-at="2025-05-02T23:46:04 IST" name="setup" finished-at="2025-05-02T23:46:07 IST" duration-ms="2223" status="PASS">
          <reporter-output>
          </reporter-output>
        </test-method> <!-- setup -->
        <test-method signature="testValidLogin()[pri:0, instance:tests.LoginTest@702657cc]" started-at="2025-05-02T23:46:07 IST" name="testValidLogin" finished-at="2025-05-02T23:46:07 IST" duration-ms="691" status="PASS">
          <reporter-output>
          </reporter-output>
        </test-method> <!-- testValidLogin -->
        <test-method is-config="true" signature="tearDown()[pri:0, instance:tests.LoginTest@702657cc]" started-at="2025-05-02T23:46:07 IST" name="tearDown" finished-at="2025-05-02T23:46:08 IST" duration-ms="275" status="PASS">
          <reporter-output>
          </reporter-output>
        </test-method> <!-- tearDown -->
      </class> <!-- tests.LoginTest -->
      <class name="tests.CartTest">
        <test-method is-config="true" signature="setup()[pri:0, instance:tests.CartTest@49438269]" started-at="2025-05-02T23:46:08 IST" name="setup" finished-at="2025-05-02T23:46:09 IST" duration-ms="1746" status="PASS">
          <reporter-output>
          </reporter-output>
        </test-method> <!-- setup -->
        <test-method signature="testAddToCart()[pri:0, instance:tests.CartTest@49438269]" started-at="2025-05-02T23:46:09 IST" name="testAddToCart" finished-at="2025-05-02T23:46:11 IST" duration-ms="1258" status="PASS">
          <reporter-output>
          </reporter-output>
        </test-method> <!-- testAddToCart -->
        <test-method is-config="true" signature="tearDown()[pri:0, instance:tests.CartTest@49438269]" started-at="2025-05-02T23:46:11 IST" name="tearDown" finished-at="2025-05-02T23:46:11 IST" duration-ms="365" status="PASS">
          <reporter-output>
          </reporter-output>
        </test-method> <!-- tearDown -->
      </class> <!-- tests.CartTest -->
    </test> <!-- FunctionalTests -->
  </suite> <!-- SwagLabsSuite -->
</testng-results>
