<?xml version="1.0" encoding="UTF-8"?>
<!-- Generated by org.testng.reporters.JUnitReportReporter -->
<testsuite hostname="DESKTOP-EQEIB25" failures="0" tests="4" name="tests.SwagLabsTests" time="18.444" errors="0" timestamp="2025-05-02T23:01:49 IST" skipped="0">
  <testcase classname="tests.SwagLabsTests" name="testValidLogin" time="3.900"/>
  <testcase classname="tests.SwagLabsTests" name="testInvalidLogin" time="2.985"/>
  <testcase classname="tests.SwagLabsTests" name="testCheckoutFlow" time="8.538"/>
  <testcase classname="tests.SwagLabsTests" name="testAddProductToCart" time="3.021"/>
</testsuite> <!-- tests.SwagLabsTests -->
