<?xml version="1.0" encoding="UTF-8"?>
<!-- Generated by org.testng.reporters.JUnitXMLReporter -->
<testsuite ignored="0" hostname="DESKTOP-EQEIB25" failures="0" tests="4" name="SwagLabsTest" time="18.526" errors="0" timestamp="2025-05-02T23:01:49 IST">
  <testcase classname="tests.SwagLabsTests" name="testAddProductToCart" time="0.784"/>
  <testcase classname="tests.SwagLabsTests" name="testCheckoutFlow" time="1.462"/>
  <testcase classname="tests.SwagLabsTests" name="testInvalidLogin" time="0.538"/>
  <testcase classname="tests.SwagLabsTests" name="testValidLogin" time="0.613"/>
</testsuite> <!-- SwagLabsTest -->
