<?xml version="1.0" encoding="UTF-8"?>
<!-- Generated by org.testng.reporters.JUnitXMLReporter -->
<testsuite ignored="0" hostname="DESKTOP-EQEIB25" failures="0" tests="3" name="FunctionalTests" time="11.527" errors="0" timestamp="2025-05-02T23:46:11 IST">
  <testcase classname="tests.LoginTest" name="testInvalidLogin" time="1.072"/>
  <testcase classname="tests.LoginTest" name="testValidLogin" time="0.691"/>
  <testcase classname="tests.CartTest" name="testAddToCart" time="1.258"/>
</testsuite> <!-- FunctionalTests -->
